The system is: Darwin - 17.7.0 - x86_64
Compiling the C compiler identification source file "CMakeCCompilerId.c" succeeded.
Compiler: /usr/local/Cellar/gcc@4.9/4.9.4_1/bin/gcc-4.9 
Build flags: 
Id flags:  

The output was:
0


Compilation of the C compiler identification source "CMakeCCompilerId.c" produced "a.out"

The C compiler identification is GNU, found in "/Users/FY/Desktop/CPP/Seance4/e4/cmake-build-debug/CMakeFiles/3.12.1/CompilerIdC/a.out"

Compiling the CXX compiler identification source file "CMakeCXXCompilerId.cpp" succeeded.
Compiler: /usr/local/Cellar/gcc@4.9/4.9.4_1/bin/g++-4.9 
Build flags: 
Id flags:  

The output was:
0


Compilation of the CXX compiler identification source "CMakeCXXCompilerId.cpp" produced "a.out"

The CXX compiler identification is GNU, found in "/Users/FY/Desktop/CPP/Seance4/e4/cmake-build-debug/CMakeFiles/3.12.1/CompilerIdCXX/a.out"

Determining if the C compiler works passed with the following output:
Change Dir: /Users/FY/Desktop/CPP/Seance4/e4/cmake-build-debug/CMakeFiles/CMakeTmp

Run Build Command:"/usr/bin/make" "cmTC_35b25/fast"
/Library/Developer/CommandLineTools/usr/bin/make -f CMakeFiles/cmTC_35b25.dir/build.make CMakeFiles/cmTC_35b25.dir/build
Building C object CMakeFiles/cmTC_35b25.dir/testCCompiler.c.o
/usr/local/Cellar/gcc@4.9/4.9.4_1/bin/gcc-4.9    -o CMakeFiles/cmTC_35b25.dir/testCCompiler.c.o   -c /Users/FY/Desktop/CPP/Seance4/e4/cmake-build-debug/CMakeFiles/CMakeTmp/testCCompiler.c
Linking C executable cmTC_35b25
/Applications/CLion.app/Contents/bin/cmake/mac/bin/cmake -E cmake_link_script CMakeFiles/cmTC_35b25.dir/link.txt --verbose=1
/usr/local/Cellar/gcc@4.9/4.9.4_1/bin/gcc-4.9   -Wl,-search_paths_first -Wl,-headerpad_max_install_names   CMakeFiles/cmTC_35b25.dir/testCCompiler.c.o  -o cmTC_35b25 


Detecting C compiler ABI info compiled with the following output:
Change Dir: /Users/FY/Desktop/CPP/Seance4/e4/cmake-build-debug/CMakeFiles/CMakeTmp

Run Build Command:"/usr/bin/make" "cmTC_1bb1b/fast"
/Library/Developer/CommandLineTools/usr/bin/make -f CMakeFiles/cmTC_1bb1b.dir/build.make CMakeFiles/cmTC_1bb1b.dir/build
Building C object CMakeFiles/cmTC_1bb1b.dir/CMakeCCompilerABI.c.o
/usr/local/Cellar/gcc@4.9/4.9.4_1/bin/gcc-4.9    -o CMakeFiles/cmTC_1bb1b.dir/CMakeCCompilerABI.c.o   -c /Applications/CLion.app/Contents/bin/cmake/mac/share/cmake-3.12/Modules/CMakeCCompilerABI.c
Linking C executable cmTC_1bb1b
/Applications/CLion.app/Contents/bin/cmake/mac/bin/cmake -E cmake_link_script CMakeFiles/cmTC_1bb1b.dir/link.txt --verbose=1
/usr/local/Cellar/gcc@4.9/4.9.4_1/bin/gcc-4.9   -Wl,-search_paths_first -Wl,-headerpad_max_install_names  -v -Wl,-v CMakeFiles/cmTC_1bb1b.dir/CMakeCCompilerABI.c.o  -o cmTC_1bb1b 
Using built-in specs.
COLLECT_GCC=/usr/local/Cellar/gcc@4.9/4.9.4_1/bin/gcc-4.9
COLLECT_LTO_WRAPPER=/usr/local/Cellar/gcc@4.9/4.9.4_1/libexec/gcc/x86_64-apple-darwin17.3.0/4.9.4/lto-wrapper
Target: x86_64-apple-darwin17.3.0
Configured with: ../configure --build=x86_64-apple-darwin17.3.0 --prefix=/usr/local/Cellar/gcc@4.9/4.9.4_1 --libdir=/usr/local/Cellar/gcc@4.9/4.9.4_1/lib/gcc/4.9 --enable-languages=c,c++,objc,obj-c++,fortran --program-suffix=-4.9 --with-system-zlib --enable-libstdcxx-time=yes --enable-stage1-checking --enable-checking=release --enable-lto --enable-plugin --with-build-config=bootstrap-debug --disable-werror --with-pkgversion='Homebrew GCC 4.9.4_1' --with-bugurl=https://github.com/Homebrew/homebrew-core/issues MAKEINFO=missing --disable-nls --enable-multilib
Thread model: posix
gcc version 4.9.4 (Homebrew GCC 4.9.4_1) 
COMPILER_PATH=/usr/local/Cellar/gcc@4.9/4.9.4_1/libexec/gcc/x86_64-apple-darwin17.3.0/4.9.4/:/usr/local/Cellar/gcc@4.9/4.9.4_1/libexec/gcc/x86_64-apple-darwin17.3.0/4.9.4/:/usr/local/Cellar/gcc@4.9/4.9.4_1/libexec/gcc/x86_64-apple-darwin17.3.0/:/usr/local/Cellar/gcc@4.9/4.9.4_1/lib/gcc/4.9/gcc/x86_64-apple-darwin17.3.0/4.9.4/:/usr/local/Cellar/gcc@4.9/4.9.4_1/lib/gcc/4.9/gcc/x86_64-apple-darwin17.3.0/
LIBRARY_PATH=/usr/local/Cellar/gcc@4.9/4.9.4_1/lib/gcc/4.9/gcc/x86_64-apple-darwin17.3.0/4.9.4/:/usr/local/Cellar/gcc@4.9/4.9.4_1/lib/gcc/4.9/gcc/x86_64-apple-darwin17.3.0/4.9.4/../../../:/usr/lib/
COLLECT_GCC_OPTIONS='-mmacosx-version-min=10.13.7' '-v' '-o' 'cmTC_1bb1b' '-mtune=core2'
 /usr/local/Cellar/gcc@4.9/4.9.4_1/libexec/gcc/x86_64-apple-darwin17.3.0/4.9.4/collect2 -dynamic -arch x86_64 -macosx_version_min 10.13.7 -weak_reference_mismatches non-weak -o cmTC_1bb1b -L/usr/local/Cellar/gcc@4.9/4.9.4_1/lib/gcc/4.9/gcc/x86_64-apple-darwin17.3.0/4.9.4 -L/usr/local/Cellar/gcc@4.9/4.9.4_1/lib/gcc/4.9/gcc/x86_64-apple-darwin17.3.0/4.9.4/../../.. -search_paths_first -headerpad_max_install_names -v CMakeFiles/cmTC_1bb1b.dir/CMakeCCompilerABI.c.o -no_compact_unwind -lSystem -lgcc_ext.10.5 -lgcc -lSystem -v
collect2 version 4.9.4
/usr/bin/ld -dynamic -arch x86_64 -macosx_version_min 10.13.7 -weak_reference_mismatches non-weak -o cmTC_1bb1b -L/usr/local/Cellar/gcc@4.9/4.9.4_1/lib/gcc/4.9/gcc/x86_64-apple-darwin17.3.0/4.9.4 -L/usr/local/Cellar/gcc@4.9/4.9.4_1/lib/gcc/4.9/gcc/x86_64-apple-darwin17.3.0/4.9.4/../../.. -search_paths_first -headerpad_max_install_names -v CMakeFiles/cmTC_1bb1b.dir/CMakeCCompilerABI.c.o -no_compact_unwind -lSystem -lgcc_ext.10.5 -lgcc -lSystem -v
@(#)PROGRAM:ld  PROJECT:ld64-351.8
configured to support archs: armv6 armv7 armv7s arm64 i386 x86_64 x86_64h armv6m armv7k armv7m armv7em (tvOS)
@(#)PROGRAM:ld  PROJECT:ld64-351.8
configured to support archs: armv6 armv7 armv7s arm64 i386 x86_64 x86_64h armv6m armv7k armv7m armv7em (tvOS)
Library search paths:
	/usr/local/Cellar/gcc@4.9/4.9.4_1/lib/gcc/4.9/gcc/x86_64-apple-darwin17.3.0/4.9.4
	/usr/local/Cellar/gcc@4.9/4.9.4_1/lib/gcc/4.9
	/usr/lib
	/usr/local/lib
Framework search paths:
	/Library/Frameworks/
	/System/Library/Frameworks/
 /usr/bin/nm -n CMakeFiles/cmTC_1bb1b.dir/CMakeCCompilerABI.c.o


Parsed C implicit link information from above output:
  link line regex: [^( *|.*[/\])(ld|CMAKE_LINK_STARTFILE-NOTFOUND|([^/\]+-)?ld|collect2)[^/\]*( |$)]
  ignore line: [Change Dir: /Users/FY/Desktop/CPP/Seance4/e4/cmake-build-debug/CMakeFiles/CMakeTmp]
  ignore line: []
  ignore line: [Run Build Command:"/usr/bin/make" "cmTC_1bb1b/fast"]
  ignore line: [/Library/Developer/CommandLineTools/usr/bin/make -f CMakeFiles/cmTC_1bb1b.dir/build.make CMakeFiles/cmTC_1bb1b.dir/build]
  ignore line: [Building C object CMakeFiles/cmTC_1bb1b.dir/CMakeCCompilerABI.c.o]
  ignore line: [/usr/local/Cellar/gcc@4.9/4.9.4_1/bin/gcc-4.9    -o CMakeFiles/cmTC_1bb1b.dir/CMakeCCompilerABI.c.o   -c /Applications/CLion.app/Contents/bin/cmake/mac/share/cmake-3.12/Modules/CMakeCCompilerABI.c]
  ignore line: [Linking C executable cmTC_1bb1b]
  ignore line: [/Applications/CLion.app/Contents/bin/cmake/mac/bin/cmake -E cmake_link_script CMakeFiles/cmTC_1bb1b.dir/link.txt --verbose=1]
  ignore line: [/usr/local/Cellar/gcc@4.9/4.9.4_1/bin/gcc-4.9   -Wl,-search_paths_first -Wl,-headerpad_max_install_names  -v -Wl,-v CMakeFiles/cmTC_1bb1b.dir/CMakeCCompilerABI.c.o  -o cmTC_1bb1b ]
  ignore line: [Using built-in specs.]
  ignore line: [COLLECT_GCC=/usr/local/Cellar/gcc@4.9/4.9.4_1/bin/gcc-4.9]
  ignore line: [COLLECT_LTO_WRAPPER=/usr/local/Cellar/gcc@4.9/4.9.4_1/libexec/gcc/x86_64-apple-darwin17.3.0/4.9.4/lto-wrapper]
  ignore line: [Target: x86_64-apple-darwin17.3.0]
  ignore line: [Configured with: ../configure --build=x86_64-apple-darwin17.3.0 --prefix=/usr/local/Cellar/gcc@4.9/4.9.4_1 --libdir=/usr/local/Cellar/gcc@4.9/4.9.4_1/lib/gcc/4.9 --enable-languages=c,c++,objc,obj-c++,fortran --program-suffix=-4.9 --with-system-zlib --enable-libstdcxx-time=yes --enable-stage1-checking --enable-checking=release --enable-lto --enable-plugin --with-build-config=bootstrap-debug --disable-werror --with-pkgversion='Homebrew GCC 4.9.4_1' --with-bugurl=https://github.com/Homebrew/homebrew-core/issues MAKEINFO=missing --disable-nls --enable-multilib]
  ignore line: [Thread model: posix]
  ignore line: [gcc version 4.9.4 (Homebrew GCC 4.9.4_1) ]
  ignore line: [COMPILER_PATH=/usr/local/Cellar/gcc@4.9/4.9.4_1/libexec/gcc/x86_64-apple-darwin17.3.0/4.9.4/:/usr/local/Cellar/gcc@4.9/4.9.4_1/libexec/gcc/x86_64-apple-darwin17.3.0/4.9.4/:/usr/local/Cellar/gcc@4.9/4.9.4_1/libexec/gcc/x86_64-apple-darwin17.3.0/:/usr/local/Cellar/gcc@4.9/4.9.4_1/lib/gcc/4.9/gcc/x86_64-apple-darwin17.3.0/4.9.4/:/usr/local/Cellar/gcc@4.9/4.9.4_1/lib/gcc/4.9/gcc/x86_64-apple-darwin17.3.0/]
  ignore line: [LIBRARY_PATH=/usr/local/Cellar/gcc@4.9/4.9.4_1/lib/gcc/4.9/gcc/x86_64-apple-darwin17.3.0/4.9.4/:/usr/local/Cellar/gcc@4.9/4.9.4_1/lib/gcc/4.9/gcc/x86_64-apple-darwin17.3.0/4.9.4/../../../:/usr/lib/]
  ignore line: [COLLECT_GCC_OPTIONS='-mmacosx-version-min=10.13.7' '-v' '-o' 'cmTC_1bb1b' '-mtune=core2']
  link line: [ /usr/local/Cellar/gcc@4.9/4.9.4_1/libexec/gcc/x86_64-apple-darwin17.3.0/4.9.4/collect2 -dynamic -arch x86_64 -macosx_version_min 10.13.7 -weak_reference_mismatches non-weak -o cmTC_1bb1b -L/usr/local/Cellar/gcc@4.9/4.9.4_1/lib/gcc/4.9/gcc/x86_64-apple-darwin17.3.0/4.9.4 -L/usr/local/Cellar/gcc@4.9/4.9.4_1/lib/gcc/4.9/gcc/x86_64-apple-darwin17.3.0/4.9.4/../../.. -search_paths_first -headerpad_max_install_names -v CMakeFiles/cmTC_1bb1b.dir/CMakeCCompilerABI.c.o -no_compact_unwind -lSystem -lgcc_ext.10.5 -lgcc -lSystem -v]
    arg [/usr/local/Cellar/gcc@4.9/4.9.4_1/libexec/gcc/x86_64-apple-darwin17.3.0/4.9.4/collect2] ==> ignore
    arg [-dynamic] ==> ignore
    arg [-arch] ==> ignore
    arg [x86_64] ==> ignore
    arg [-macosx_version_min] ==> ignore
    arg [10.13.7] ==> ignore
    arg [-weak_reference_mismatches] ==> ignore
    arg [non-weak] ==> ignore
    arg [-o] ==> ignore
    arg [cmTC_1bb1b] ==> ignore
    arg [-L/usr/local/Cellar/gcc@4.9/4.9.4_1/lib/gcc/4.9/gcc/x86_64-apple-darwin17.3.0/4.9.4] ==> dir [/usr/local/Cellar/gcc@4.9/4.9.4_1/lib/gcc/4.9/gcc/x86_64-apple-darwin17.3.0/4.9.4]
    arg [-L/usr/local/Cellar/gcc@4.9/4.9.4_1/lib/gcc/4.9/gcc/x86_64-apple-darwin17.3.0/4.9.4/../../..] ==> dir [/usr/local/Cellar/gcc@4.9/4.9.4_1/lib/gcc/4.9/gcc/x86_64-apple-darwin17.3.0/4.9.4/../../..]
    arg [-search_paths_first] ==> ignore
    arg [-headerpad_max_install_names] ==> ignore
    arg [-v] ==> ignore
    arg [CMakeFiles/cmTC_1bb1b.dir/CMakeCCompilerABI.c.o] ==> ignore
    arg [-no_compact_unwind] ==> ignore
    arg [-lSystem] ==> lib [System]
    arg [-lgcc_ext.10.5] ==> lib [gcc_ext.10.5]
    arg [-lgcc] ==> lib [gcc]
    arg [-lSystem] ==> lib [System]
    arg [-v] ==> ignore
  Library search paths: [;/usr/local/Cellar/gcc@4.9/4.9.4_1/lib/gcc/4.9/gcc/x86_64-apple-darwin17.3.0/4.9.4;/usr/local/Cellar/gcc@4.9/4.9.4_1/lib/gcc/4.9;/usr/lib;/usr/local/lib]
  Framework search paths: [;/Library/Frameworks/;/System/Library/Frameworks/]
  remove lib [System]
  remove lib [System]
  collapse library dir [/usr/local/Cellar/gcc@4.9/4.9.4_1/lib/gcc/4.9/gcc/x86_64-apple-darwin17.3.0/4.9.4] ==> [/usr/local/Cellar/gcc@4.9/4.9.4_1/lib/gcc/4.9/gcc/x86_64-apple-darwin17.3.0/4.9.4]
  collapse library dir [/usr/local/Cellar/gcc@4.9/4.9.4_1/lib/gcc/4.9/gcc/x86_64-apple-darwin17.3.0/4.9.4/../../..] ==> [/usr/local/Cellar/gcc@4.9/4.9.4_1/lib/gcc/4.9]
  collapse library dir [/usr/local/Cellar/gcc@4.9/4.9.4_1/lib/gcc/4.9/gcc/x86_64-apple-darwin17.3.0/4.9.4] ==> [/usr/local/Cellar/gcc@4.9/4.9.4_1/lib/gcc/4.9/gcc/x86_64-apple-darwin17.3.0/4.9.4]
  collapse library dir [/usr/local/Cellar/gcc@4.9/4.9.4_1/lib/gcc/4.9] ==> [/usr/local/Cellar/gcc@4.9/4.9.4_1/lib/gcc/4.9]
  collapse library dir [/usr/lib] ==> [/usr/lib]
  collapse library dir [/usr/local/lib] ==> [/usr/local/lib]
  collapse framework dir [/Library/Frameworks/] ==> [/Library/Frameworks]
  collapse framework dir [/System/Library/Frameworks/] ==> [/System/Library/Frameworks]
  implicit libs: [gcc_ext.10.5;gcc]
  implicit dirs: [/usr/local/Cellar/gcc@4.9/4.9.4_1/lib/gcc/4.9/gcc/x86_64-apple-darwin17.3.0/4.9.4;/usr/local/Cellar/gcc@4.9/4.9.4_1/lib/gcc/4.9;/usr/lib;/usr/local/lib]
  implicit fwks: [/Library/Frameworks;/System/Library/Frameworks]




Detecting C [-std=c11] compiler features compiled with the following output:
Change Dir: /Users/FY/Desktop/CPP/Seance4/e4/cmake-build-debug/CMakeFiles/CMakeTmp

Run Build Command:"/usr/bin/make" "cmTC_04697/fast"
/Library/Developer/CommandLineTools/usr/bin/make -f CMakeFiles/cmTC_04697.dir/build.make CMakeFiles/cmTC_04697.dir/build
Building C object CMakeFiles/cmTC_04697.dir/feature_tests.c.o
/usr/local/Cellar/gcc@4.9/4.9.4_1/bin/gcc-4.9   -std=c11 -o CMakeFiles/cmTC_04697.dir/feature_tests.c.o   -c /Users/FY/Desktop/CPP/Seance4/e4/cmake-build-debug/CMakeFiles/feature_tests.c
Linking C executable cmTC_04697
/Applications/CLion.app/Contents/bin/cmake/mac/bin/cmake -E cmake_link_script CMakeFiles/cmTC_04697.dir/link.txt --verbose=1
/usr/local/Cellar/gcc@4.9/4.9.4_1/bin/gcc-4.9   -Wl,-search_paths_first -Wl,-headerpad_max_install_names   CMakeFiles/cmTC_04697.dir/feature_tests.c.o  -o cmTC_04697 


    Feature record: C_FEATURE:1c_function_prototypes
    Feature record: C_FEATURE:1c_restrict
    Feature record: C_FEATURE:1c_static_assert
    Feature record: C_FEATURE:1c_variadic_macros


Detecting C [-std=c99] compiler features compiled with the following output:
Change Dir: /Users/FY/Desktop/CPP/Seance4/e4/cmake-build-debug/CMakeFiles/CMakeTmp

Run Build Command:"/usr/bin/make" "cmTC_70a39/fast"
/Library/Developer/CommandLineTools/usr/bin/make -f CMakeFiles/cmTC_70a39.dir/build.make CMakeFiles/cmTC_70a39.dir/build
Building C object CMakeFiles/cmTC_70a39.dir/feature_tests.c.o
/usr/local/Cellar/gcc@4.9/4.9.4_1/bin/gcc-4.9   -std=c99 -o CMakeFiles/cmTC_70a39.dir/feature_tests.c.o   -c /Users/FY/Desktop/CPP/Seance4/e4/cmake-build-debug/CMakeFiles/feature_tests.c
Linking C executable cmTC_70a39
/Applications/CLion.app/Contents/bin/cmake/mac/bin/cmake -E cmake_link_script CMakeFiles/cmTC_70a39.dir/link.txt --verbose=1
/usr/local/Cellar/gcc@4.9/4.9.4_1/bin/gcc-4.9   -Wl,-search_paths_first -Wl,-headerpad_max_install_names   CMakeFiles/cmTC_70a39.dir/feature_tests.c.o  -o cmTC_70a39 


    Feature record: C_FEATURE:1c_function_prototypes
    Feature record: C_FEATURE:1c_restrict
    Feature record: C_FEATURE:0c_static_assert
    Feature record: C_FEATURE:1c_variadic_macros


Detecting C [-std=c90] compiler features compiled with the following output:
Change Dir: /Users/FY/Desktop/CPP/Seance4/e4/cmake-build-debug/CMakeFiles/CMakeTmp

Run Build Command:"/usr/bin/make" "cmTC_7e325/fast"
/Library/Developer/CommandLineTools/usr/bin/make -f CMakeFiles/cmTC_7e325.dir/build.make CMakeFiles/cmTC_7e325.dir/build
Building C object CMakeFiles/cmTC_7e325.dir/feature_tests.c.o
/usr/local/Cellar/gcc@4.9/4.9.4_1/bin/gcc-4.9   -std=c90 -o CMakeFiles/cmTC_7e325.dir/feature_tests.c.o   -c /Users/FY/Desktop/CPP/Seance4/e4/cmake-build-debug/CMakeFiles/feature_tests.c
Linking C executable cmTC_7e325
/Applications/CLion.app/Contents/bin/cmake/mac/bin/cmake -E cmake_link_script CMakeFiles/cmTC_7e325.dir/link.txt --verbose=1
/usr/local/Cellar/gcc@4.9/4.9.4_1/bin/gcc-4.9   -Wl,-search_paths_first -Wl,-headerpad_max_install_names   CMakeFiles/cmTC_7e325.dir/feature_tests.c.o  -o cmTC_7e325 


    Feature record: C_FEATURE:1c_function_prototypes
    Feature record: C_FEATURE:0c_restrict
    Feature record: C_FEATURE:0c_static_assert
    Feature record: C_FEATURE:0c_variadic_macros
Determining if the CXX compiler works passed with the following output:
Change Dir: /Users/FY/Desktop/CPP/Seance4/e4/cmake-build-debug/CMakeFiles/CMakeTmp

Run Build Command:"/usr/bin/make" "cmTC_a50d5/fast"
/Library/Developer/CommandLineTools/usr/bin/make -f CMakeFiles/cmTC_a50d5.dir/build.make CMakeFiles/cmTC_a50d5.dir/build
Building CXX object CMakeFiles/cmTC_a50d5.dir/testCXXCompiler.cxx.o
/usr/local/Cellar/gcc@4.9/4.9.4_1/bin/g++-4.9     -o CMakeFiles/cmTC_a50d5.dir/testCXXCompiler.cxx.o -c /Users/FY/Desktop/CPP/Seance4/e4/cmake-build-debug/CMakeFiles/CMakeTmp/testCXXCompiler.cxx
Linking CXX executable cmTC_a50d5
/Applications/CLion.app/Contents/bin/cmake/mac/bin/cmake -E cmake_link_script CMakeFiles/cmTC_a50d5.dir/link.txt --verbose=1
/usr/local/Cellar/gcc@4.9/4.9.4_1/bin/g++-4.9    -Wl,-search_paths_first -Wl,-headerpad_max_install_names   CMakeFiles/cmTC_a50d5.dir/testCXXCompiler.cxx.o  -o cmTC_a50d5 


Detecting CXX compiler ABI info compiled with the following output:
Change Dir: /Users/FY/Desktop/CPP/Seance4/e4/cmake-build-debug/CMakeFiles/CMakeTmp

Run Build Command:"/usr/bin/make" "cmTC_7695f/fast"
/Library/Developer/CommandLineTools/usr/bin/make -f CMakeFiles/cmTC_7695f.dir/build.make CMakeFiles/cmTC_7695f.dir/build
Building CXX object CMakeFiles/cmTC_7695f.dir/CMakeCXXCompilerABI.cpp.o
/usr/local/Cellar/gcc@4.9/4.9.4_1/bin/g++-4.9     -o CMakeFiles/cmTC_7695f.dir/CMakeCXXCompilerABI.cpp.o -c /Applications/CLion.app/Contents/bin/cmake/mac/share/cmake-3.12/Modules/CMakeCXXCompilerABI.cpp
Linking CXX executable cmTC_7695f
/Applications/CLion.app/Contents/bin/cmake/mac/bin/cmake -E cmake_link_script CMakeFiles/cmTC_7695f.dir/link.txt --verbose=1
/usr/local/Cellar/gcc@4.9/4.9.4_1/bin/g++-4.9    -Wl,-search_paths_first -Wl,-headerpad_max_install_names  -v -Wl,-v CMakeFiles/cmTC_7695f.dir/CMakeCXXCompilerABI.cpp.o  -o cmTC_7695f 
Using built-in specs.
COLLECT_GCC=/usr/local/Cellar/gcc@4.9/4.9.4_1/bin/g++-4.9
COLLECT_LTO_WRAPPER=/usr/local/Cellar/gcc@4.9/4.9.4_1/libexec/gcc/x86_64-apple-darwin17.3.0/4.9.4/lto-wrapper
Target: x86_64-apple-darwin17.3.0
Configured with: ../configure --build=x86_64-apple-darwin17.3.0 --prefix=/usr/local/Cellar/gcc@4.9/4.9.4_1 --libdir=/usr/local/Cellar/gcc@4.9/4.9.4_1/lib/gcc/4.9 --enable-languages=c,c++,objc,obj-c++,fortran --program-suffix=-4.9 --with-system-zlib --enable-libstdcxx-time=yes --enable-stage1-checking --enable-checking=release --enable-lto --enable-plugin --with-build-config=bootstrap-debug --disable-werror --with-pkgversion='Homebrew GCC 4.9.4_1' --with-bugurl=https://github.com/Homebrew/homebrew-core/issues MAKEINFO=missing --disable-nls --enable-multilib
Thread model: posix
gcc version 4.9.4 (Homebrew GCC 4.9.4_1) 
COMPILER_PATH=/usr/local/Cellar/gcc@4.9/4.9.4_1/libexec/gcc/x86_64-apple-darwin17.3.0/4.9.4/:/usr/local/Cellar/gcc@4.9/4.9.4_1/libexec/gcc/x86_64-apple-darwin17.3.0/4.9.4/:/usr/local/Cellar/gcc@4.9/4.9.4_1/libexec/gcc/x86_64-apple-darwin17.3.0/:/usr/local/Cellar/gcc@4.9/4.9.4_1/lib/gcc/4.9/gcc/x86_64-apple-darwin17.3.0/4.9.4/:/usr/local/Cellar/gcc@4.9/4.9.4_1/lib/gcc/4.9/gcc/x86_64-apple-darwin17.3.0/
LIBRARY_PATH=/usr/local/Cellar/gcc@4.9/4.9.4_1/lib/gcc/4.9/gcc/x86_64-apple-darwin17.3.0/4.9.4/:/usr/local/Cellar/gcc@4.9/4.9.4_1/lib/gcc/4.9/gcc/x86_64-apple-darwin17.3.0/4.9.4/../../../:/usr/lib/
COLLECT_GCC_OPTIONS='-mmacosx-version-min=10.13.7' '-v' '-o' 'cmTC_7695f' '-shared-libgcc' '-mtune=core2'
 /usr/local/Cellar/gcc@4.9/4.9.4_1/libexec/gcc/x86_64-apple-darwin17.3.0/4.9.4/collect2 -dynamic -arch x86_64 -macosx_version_min 10.13.7 -weak_reference_mismatches non-weak -o cmTC_7695f -L/usr/local/Cellar/gcc@4.9/4.9.4_1/lib/gcc/4.9/gcc/x86_64-apple-darwin17.3.0/4.9.4 -L/usr/local/Cellar/gcc@4.9/4.9.4_1/lib/gcc/4.9/gcc/x86_64-apple-darwin17.3.0/4.9.4/../../.. -search_paths_first -headerpad_max_install_names -v CMakeFiles/cmTC_7695f.dir/CMakeCXXCompilerABI.cpp.o -lstdc++ -no_compact_unwind -lSystem -lgcc_ext.10.5 -lgcc -lSystem -v
collect2 version 4.9.4
/usr/bin/ld -dynamic -arch x86_64 -macosx_version_min 10.13.7 -weak_reference_mismatches non-weak -o cmTC_7695f -L/usr/local/Cellar/gcc@4.9/4.9.4_1/lib/gcc/4.9/gcc/x86_64-apple-darwin17.3.0/4.9.4 -L/usr/local/Cellar/gcc@4.9/4.9.4_1/lib/gcc/4.9/gcc/x86_64-apple-darwin17.3.0/4.9.4/../../.. -search_paths_first -headerpad_max_install_names -v CMakeFiles/cmTC_7695f.dir/CMakeCXXCompilerABI.cpp.o -lstdc++ -no_compact_unwind -lSystem -lgcc_ext.10.5 -lgcc -lSystem -v
@(#)PROGRAM:ld  PROJECT:ld64-351.8
configured to support archs: armv6 armv7 armv7s arm64 i386 x86_64 x86_64h armv6m armv7k armv7m armv7em (tvOS)
@(#)PROGRAM:ld  PROJECT:ld64-351.8
configured to support archs: armv6 armv7 armv7s arm64 i386 x86_64 x86_64h armv6m armv7k armv7m armv7em (tvOS)
Library search paths:
	/usr/local/Cellar/gcc@4.9/4.9.4_1/lib/gcc/4.9/gcc/x86_64-apple-darwin17.3.0/4.9.4
	/usr/local/Cellar/gcc@4.9/4.9.4_1/lib/gcc/4.9
	/usr/lib
	/usr/local/lib
Framework search paths:
	/Library/Frameworks/
	/System/Library/Frameworks/
 /usr/bin/nm -n CMakeFiles/cmTC_7695f.dir/CMakeCXXCompilerABI.cpp.o


Parsed CXX implicit link information from above output:
  link line regex: [^( *|.*[/\])(ld|CMAKE_LINK_STARTFILE-NOTFOUND|([^/\]+-)?ld|collect2)[^/\]*( |$)]
  ignore line: [Change Dir: /Users/FY/Desktop/CPP/Seance4/e4/cmake-build-debug/CMakeFiles/CMakeTmp]
  ignore line: []
  ignore line: [Run Build Command:"/usr/bin/make" "cmTC_7695f/fast"]
  ignore line: [/Library/Developer/CommandLineTools/usr/bin/make -f CMakeFiles/cmTC_7695f.dir/build.make CMakeFiles/cmTC_7695f.dir/build]
  ignore line: [Building CXX object CMakeFiles/cmTC_7695f.dir/CMakeCXXCompilerABI.cpp.o]
  ignore line: [/usr/local/Cellar/gcc@4.9/4.9.4_1/bin/g++-4.9     -o CMakeFiles/cmTC_7695f.dir/CMakeCXXCompilerABI.cpp.o -c /Applications/CLion.app/Contents/bin/cmake/mac/share/cmake-3.12/Modules/CMakeCXXCompilerABI.cpp]
  ignore line: [Linking CXX executable cmTC_7695f]
  ignore line: [/Applications/CLion.app/Contents/bin/cmake/mac/bin/cmake -E cmake_link_script CMakeFiles/cmTC_7695f.dir/link.txt --verbose=1]
  ignore line: [/usr/local/Cellar/gcc@4.9/4.9.4_1/bin/g++-4.9    -Wl,-search_paths_first -Wl,-headerpad_max_install_names  -v -Wl,-v CMakeFiles/cmTC_7695f.dir/CMakeCXXCompilerABI.cpp.o  -o cmTC_7695f ]
  ignore line: [Using built-in specs.]
  ignore line: [COLLECT_GCC=/usr/local/Cellar/gcc@4.9/4.9.4_1/bin/g++-4.9]
  ignore line: [COLLECT_LTO_WRAPPER=/usr/local/Cellar/gcc@4.9/4.9.4_1/libexec/gcc/x86_64-apple-darwin17.3.0/4.9.4/lto-wrapper]
  ignore line: [Target: x86_64-apple-darwin17.3.0]
  ignore line: [Configured with: ../configure --build=x86_64-apple-darwin17.3.0 --prefix=/usr/local/Cellar/gcc@4.9/4.9.4_1 --libdir=/usr/local/Cellar/gcc@4.9/4.9.4_1/lib/gcc/4.9 --enable-languages=c,c++,objc,obj-c++,fortran --program-suffix=-4.9 --with-system-zlib --enable-libstdcxx-time=yes --enable-stage1-checking --enable-checking=release --enable-lto --enable-plugin --with-build-config=bootstrap-debug --disable-werror --with-pkgversion='Homebrew GCC 4.9.4_1' --with-bugurl=https://github.com/Homebrew/homebrew-core/issues MAKEINFO=missing --disable-nls --enable-multilib]
  ignore line: [Thread model: posix]
  ignore line: [gcc version 4.9.4 (Homebrew GCC 4.9.4_1) ]
  ignore line: [COMPILER_PATH=/usr/local/Cellar/gcc@4.9/4.9.4_1/libexec/gcc/x86_64-apple-darwin17.3.0/4.9.4/:/usr/local/Cellar/gcc@4.9/4.9.4_1/libexec/gcc/x86_64-apple-darwin17.3.0/4.9.4/:/usr/local/Cellar/gcc@4.9/4.9.4_1/libexec/gcc/x86_64-apple-darwin17.3.0/:/usr/local/Cellar/gcc@4.9/4.9.4_1/lib/gcc/4.9/gcc/x86_64-apple-darwin17.3.0/4.9.4/:/usr/local/Cellar/gcc@4.9/4.9.4_1/lib/gcc/4.9/gcc/x86_64-apple-darwin17.3.0/]
  ignore line: [LIBRARY_PATH=/usr/local/Cellar/gcc@4.9/4.9.4_1/lib/gcc/4.9/gcc/x86_64-apple-darwin17.3.0/4.9.4/:/usr/local/Cellar/gcc@4.9/4.9.4_1/lib/gcc/4.9/gcc/x86_64-apple-darwin17.3.0/4.9.4/../../../:/usr/lib/]
  ignore line: [COLLECT_GCC_OPTIONS='-mmacosx-version-min=10.13.7' '-v' '-o' 'cmTC_7695f' '-shared-libgcc' '-mtune=core2']
  link line: [ /usr/local/Cellar/gcc@4.9/4.9.4_1/libexec/gcc/x86_64-apple-darwin17.3.0/4.9.4/collect2 -dynamic -arch x86_64 -macosx_version_min 10.13.7 -weak_reference_mismatches non-weak -o cmTC_7695f -L/usr/local/Cellar/gcc@4.9/4.9.4_1/lib/gcc/4.9/gcc/x86_64-apple-darwin17.3.0/4.9.4 -L/usr/local/Cellar/gcc@4.9/4.9.4_1/lib/gcc/4.9/gcc/x86_64-apple-darwin17.3.0/4.9.4/../../.. -search_paths_first -headerpad_max_install_names -v CMakeFiles/cmTC_7695f.dir/CMakeCXXCompilerABI.cpp.o -lstdc++ -no_compact_unwind -lSystem -lgcc_ext.10.5 -lgcc -lSystem -v]
    arg [/usr/local/Cellar/gcc@4.9/4.9.4_1/libexec/gcc/x86_64-apple-darwin17.3.0/4.9.4/collect2] ==> ignore
    arg [-dynamic] ==> ignore
    arg [-arch] ==> ignore
    arg [x86_64] ==> ignore
    arg [-macosx_version_min] ==> ignore
    arg [10.13.7] ==> ignore
    arg [-weak_reference_mismatches] ==> ignore
    arg [non-weak] ==> ignore
    arg [-o] ==> ignore
    arg [cmTC_7695f] ==> ignore
    arg [-L/usr/local/Cellar/gcc@4.9/4.9.4_1/lib/gcc/4.9/gcc/x86_64-apple-darwin17.3.0/4.9.4] ==> dir [/usr/local/Cellar/gcc@4.9/4.9.4_1/lib/gcc/4.9/gcc/x86_64-apple-darwin17.3.0/4.9.4]
    arg [-L/usr/local/Cellar/gcc@4.9/4.9.4_1/lib/gcc/4.9/gcc/x86_64-apple-darwin17.3.0/4.9.4/../../..] ==> dir [/usr/local/Cellar/gcc@4.9/4.9.4_1/lib/gcc/4.9/gcc/x86_64-apple-darwin17.3.0/4.9.4/../../..]
    arg [-search_paths_first] ==> ignore
    arg [-headerpad_max_install_names] ==> ignore
    arg [-v] ==> ignore
    arg [CMakeFiles/cmTC_7695f.dir/CMakeCXXCompilerABI.cpp.o] ==> ignore
    arg [-lstdc++] ==> lib [stdc++]
    arg [-no_compact_unwind] ==> ignore
    arg [-lSystem] ==> lib [System]
    arg [-lgcc_ext.10.5] ==> lib [gcc_ext.10.5]
    arg [-lgcc] ==> lib [gcc]
    arg [-lSystem] ==> lib [System]
    arg [-v] ==> ignore
  Library search paths: [;/usr/local/Cellar/gcc@4.9/4.9.4_1/lib/gcc/4.9/gcc/x86_64-apple-darwin17.3.0/4.9.4;/usr/local/Cellar/gcc@4.9/4.9.4_1/lib/gcc/4.9;/usr/lib;/usr/local/lib]
  Framework search paths: [;/Library/Frameworks/;/System/Library/Frameworks/]
  remove lib [System]
  remove lib [System]
  collapse library dir [/usr/local/Cellar/gcc@4.9/4.9.4_1/lib/gcc/4.9/gcc/x86_64-apple-darwin17.3.0/4.9.4] ==> [/usr/local/Cellar/gcc@4.9/4.9.4_1/lib/gcc/4.9/gcc/x86_64-apple-darwin17.3.0/4.9.4]
  collapse library dir [/usr/local/Cellar/gcc@4.9/4.9.4_1/lib/gcc/4.9/gcc/x86_64-apple-darwin17.3.0/4.9.4/../../..] ==> [/usr/local/Cellar/gcc@4.9/4.9.4_1/lib/gcc/4.9]
  collapse library dir [/usr/local/Cellar/gcc@4.9/4.9.4_1/lib/gcc/4.9/gcc/x86_64-apple-darwin17.3.0/4.9.4] ==> [/usr/local/Cellar/gcc@4.9/4.9.4_1/lib/gcc/4.9/gcc/x86_64-apple-darwin17.3.0/4.9.4]
  collapse library dir [/usr/local/Cellar/gcc@4.9/4.9.4_1/lib/gcc/4.9] ==> [/usr/local/Cellar/gcc@4.9/4.9.4_1/lib/gcc/4.9]
  collapse library dir [/usr/lib] ==> [/usr/lib]
  collapse library dir [/usr/local/lib] ==> [/usr/local/lib]
  collapse framework dir [/Library/Frameworks/] ==> [/Library/Frameworks]
  collapse framework dir [/System/Library/Frameworks/] ==> [/System/Library/Frameworks]
  implicit libs: [stdc++;gcc_ext.10.5;gcc]
  implicit dirs: [/usr/local/Cellar/gcc@4.9/4.9.4_1/lib/gcc/4.9/gcc/x86_64-apple-darwin17.3.0/4.9.4;/usr/local/Cellar/gcc@4.9/4.9.4_1/lib/gcc/4.9;/usr/lib;/usr/local/lib]
  implicit fwks: [/Library/Frameworks;/System/Library/Frameworks]




Detecting CXX [-std=c++14] compiler features compiled with the following output:
Change Dir: /Users/FY/Desktop/CPP/Seance4/e4/cmake-build-debug/CMakeFiles/CMakeTmp

Run Build Command:"/usr/bin/make" "cmTC_2f047/fast"
/Library/Developer/CommandLineTools/usr/bin/make -f CMakeFiles/cmTC_2f047.dir/build.make CMakeFiles/cmTC_2f047.dir/build
Building CXX object CMakeFiles/cmTC_2f047.dir/feature_tests.cxx.o
/usr/local/Cellar/gcc@4.9/4.9.4_1/bin/g++-4.9    -std=c++14 -o CMakeFiles/cmTC_2f047.dir/feature_tests.cxx.o -c /Users/FY/Desktop/CPP/Seance4/e4/cmake-build-debug/CMakeFiles/feature_tests.cxx
Linking CXX executable cmTC_2f047
/Applications/CLion.app/Contents/bin/cmake/mac/bin/cmake -E cmake_link_script CMakeFiles/cmTC_2f047.dir/link.txt --verbose=1
/usr/local/Cellar/gcc@4.9/4.9.4_1/bin/g++-4.9    -Wl,-search_paths_first -Wl,-headerpad_max_install_names   CMakeFiles/cmTC_2f047.dir/feature_tests.cxx.o  -o cmTC_2f047 


    Feature record: CXX_FEATURE:0cxx_aggregate_default_initializers
    Feature record: CXX_FEATURE:1cxx_alias_templates
    Feature record: CXX_FEATURE:1cxx_alignas
    Feature record: CXX_FEATURE:1cxx_alignof
    Feature record: CXX_FEATURE:1cxx_attributes
    Feature record: CXX_FEATURE:1cxx_attribute_deprecated
    Feature record: CXX_FEATURE:1cxx_auto_type
    Feature record: CXX_FEATURE:1cxx_binary_literals
    Feature record: CXX_FEATURE:1cxx_constexpr
    Feature record: CXX_FEATURE:1cxx_contextual_conversions
    Feature record: CXX_FEATURE:1cxx_decltype
    Feature record: CXX_FEATURE:1cxx_decltype_auto
    Feature record: CXX_FEATURE:1cxx_decltype_incomplete_return_types
    Feature record: CXX_FEATURE:1cxx_default_function_template_args
    Feature record: CXX_FEATURE:1cxx_defaulted_functions
    Feature record: CXX_FEATURE:1cxx_defaulted_move_initializers
    Feature record: CXX_FEATURE:1cxx_delegating_constructors
    Feature record: CXX_FEATURE:1cxx_deleted_functions
    Feature record: CXX_FEATURE:1cxx_digit_separators
    Feature record: CXX_FEATURE:1cxx_enum_forward_declarations
    Feature record: CXX_FEATURE:1cxx_explicit_conversions
    Feature record: CXX_FEATURE:1cxx_extended_friend_declarations
    Feature record: CXX_FEATURE:1cxx_extern_templates
    Feature record: CXX_FEATURE:1cxx_final
    Feature record: CXX_FEATURE:1cxx_func_identifier
    Feature record: CXX_FEATURE:1cxx_generalized_initializers
    Feature record: CXX_FEATURE:1cxx_generic_lambdas
    Feature record: CXX_FEATURE:1cxx_inheriting_constructors
    Feature record: CXX_FEATURE:1cxx_inline_namespaces
    Feature record: CXX_FEATURE:1cxx_lambdas
    Feature record: CXX_FEATURE:1cxx_lambda_init_captures
    Feature record: CXX_FEATURE:1cxx_local_type_template_args
    Feature record: CXX_FEATURE:1cxx_long_long_type
    Feature record: CXX_FEATURE:1cxx_noexcept
    Feature record: CXX_FEATURE:1cxx_nonstatic_member_init
    Feature record: CXX_FEATURE:1cxx_nullptr
    Feature record: CXX_FEATURE:1cxx_override
    Feature record: CXX_FEATURE:1cxx_range_for
    Feature record: CXX_FEATURE:1cxx_raw_string_literals
    Feature record: CXX_FEATURE:1cxx_reference_qualified_functions
    Feature record: CXX_FEATURE:0cxx_relaxed_constexpr
    Feature record: CXX_FEATURE:1cxx_return_type_deduction
    Feature record: CXX_FEATURE:1cxx_right_angle_brackets
    Feature record: CXX_FEATURE:1cxx_rvalue_references
    Feature record: CXX_FEATURE:1cxx_sizeof_member
    Feature record: CXX_FEATURE:1cxx_static_assert
    Feature record: CXX_FEATURE:1cxx_strong_enums
    Feature record: CXX_FEATURE:1cxx_template_template_parameters
    Feature record: CXX_FEATURE:1cxx_thread_local
    Feature record: CXX_FEATURE:1cxx_trailing_return_types
    Feature record: CXX_FEATURE:1cxx_unicode_literals
    Feature record: CXX_FEATURE:1cxx_uniform_initialization
    Feature record: CXX_FEATURE:1cxx_unrestricted_unions
    Feature record: CXX_FEATURE:1cxx_user_literals
    Feature record: CXX_FEATURE:0cxx_variable_templates
    Feature record: CXX_FEATURE:1cxx_variadic_macros
    Feature record: CXX_FEATURE:1cxx_variadic_templates


Detecting CXX [-std=c++11] compiler features compiled with the following output:
Change Dir: /Users/FY/Desktop/CPP/Seance4/e4/cmake-build-debug/CMakeFiles/CMakeTmp

Run Build Command:"/usr/bin/make" "cmTC_574f4/fast"
/Library/Developer/CommandLineTools/usr/bin/make -f CMakeFiles/cmTC_574f4.dir/build.make CMakeFiles/cmTC_574f4.dir/build
Building CXX object CMakeFiles/cmTC_574f4.dir/feature_tests.cxx.o
/usr/local/Cellar/gcc@4.9/4.9.4_1/bin/g++-4.9    -std=c++11 -o CMakeFiles/cmTC_574f4.dir/feature_tests.cxx.o -c /Users/FY/Desktop/CPP/Seance4/e4/cmake-build-debug/CMakeFiles/feature_tests.cxx
Linking CXX executable cmTC_574f4
/Applications/CLion.app/Contents/bin/cmake/mac/bin/cmake -E cmake_link_script CMakeFiles/cmTC_574f4.dir/link.txt --verbose=1
/usr/local/Cellar/gcc@4.9/4.9.4_1/bin/g++-4.9    -Wl,-search_paths_first -Wl,-headerpad_max_install_names   CMakeFiles/cmTC_574f4.dir/feature_tests.cxx.o  -o cmTC_574f4 


    Feature record: CXX_FEATURE:0cxx_aggregate_default_initializers
    Feature record: CXX_FEATURE:1cxx_alias_templates
    Feature record: CXX_FEATURE:1cxx_alignas
    Feature record: CXX_FEATURE:1cxx_alignof
    Feature record: CXX_FEATURE:1cxx_attributes
    Feature record: CXX_FEATURE:0cxx_attribute_deprecated
    Feature record: CXX_FEATURE:1cxx_auto_type
    Feature record: CXX_FEATURE:0cxx_binary_literals
    Feature record: CXX_FEATURE:1cxx_constexpr
    Feature record: CXX_FEATURE:0cxx_contextual_conversions
    Feature record: CXX_FEATURE:1cxx_decltype
    Feature record: CXX_FEATURE:0cxx_decltype_auto
    Feature record: CXX_FEATURE:1cxx_decltype_incomplete_return_types
    Feature record: CXX_FEATURE:1cxx_default_function_template_args
    Feature record: CXX_FEATURE:1cxx_defaulted_functions
    Feature record: CXX_FEATURE:1cxx_defaulted_move_initializers
    Feature record: CXX_FEATURE:1cxx_delegating_constructors
    Feature record: CXX_FEATURE:1cxx_deleted_functions
    Feature record: CXX_FEATURE:0cxx_digit_separators
    Feature record: CXX_FEATURE:1cxx_enum_forward_declarations
    Feature record: CXX_FEATURE:1cxx_explicit_conversions
    Feature record: CXX_FEATURE:1cxx_extended_friend_declarations
    Feature record: CXX_FEATURE:1cxx_extern_templates
    Feature record: CXX_FEATURE:1cxx_final
    Feature record: CXX_FEATURE:1cxx_func_identifier
    Feature record: CXX_FEATURE:1cxx_generalized_initializers
    Feature record: CXX_FEATURE:0cxx_generic_lambdas
    Feature record: CXX_FEATURE:1cxx_inheriting_constructors
    Feature record: CXX_FEATURE:1cxx_inline_namespaces
    Feature record: CXX_FEATURE:1cxx_lambdas
    Feature record: CXX_FEATURE:0cxx_lambda_init_captures
    Feature record: CXX_FEATURE:1cxx_local_type_template_args
    Feature record: CXX_FEATURE:1cxx_long_long_type
    Feature record: CXX_FEATURE:1cxx_noexcept
    Feature record: CXX_FEATURE:1cxx_nonstatic_member_init
    Feature record: CXX_FEATURE:1cxx_nullptr
    Feature record: CXX_FEATURE:1cxx_override
    Feature record: CXX_FEATURE:1cxx_range_for
    Feature record: CXX_FEATURE:1cxx_raw_string_literals
    Feature record: CXX_FEATURE:1cxx_reference_qualified_functions
    Feature record: CXX_FEATURE:0cxx_relaxed_constexpr
    Feature record: CXX_FEATURE:0cxx_return_type_deduction
    Feature record: CXX_FEATURE:1cxx_right_angle_brackets
    Feature record: CXX_FEATURE:1cxx_rvalue_references
    Feature record: CXX_FEATURE:1cxx_sizeof_member
    Feature record: CXX_FEATURE:1cxx_static_assert
    Feature record: CXX_FEATURE:1cxx_strong_enums
    Feature record: CXX_FEATURE:1cxx_template_template_parameters
    Feature record: CXX_FEATURE:1cxx_thread_local
    Feature record: CXX_FEATURE:1cxx_trailing_return_types
    Feature record: CXX_FEATURE:1cxx_unicode_literals
    Feature record: CXX_FEATURE:1cxx_uniform_initialization
    Feature record: CXX_FEATURE:1cxx_unrestricted_unions
    Feature record: CXX_FEATURE:1cxx_user_literals
    Feature record: CXX_FEATURE:0cxx_variable_templates
    Feature record: CXX_FEATURE:1cxx_variadic_macros
    Feature record: CXX_FEATURE:1cxx_variadic_templates


Detecting CXX [-std=c++98] compiler features compiled with the following output:
Change Dir: /Users/FY/Desktop/CPP/Seance4/e4/cmake-build-debug/CMakeFiles/CMakeTmp

Run Build Command:"/usr/bin/make" "cmTC_4dadb/fast"
/Library/Developer/CommandLineTools/usr/bin/make -f CMakeFiles/cmTC_4dadb.dir/build.make CMakeFiles/cmTC_4dadb.dir/build
Building CXX object CMakeFiles/cmTC_4dadb.dir/feature_tests.cxx.o
/usr/local/Cellar/gcc@4.9/4.9.4_1/bin/g++-4.9    -std=c++98 -o CMakeFiles/cmTC_4dadb.dir/feature_tests.cxx.o -c /Users/FY/Desktop/CPP/Seance4/e4/cmake-build-debug/CMakeFiles/feature_tests.cxx
Linking CXX executable cmTC_4dadb
/Applications/CLion.app/Contents/bin/cmake/mac/bin/cmake -E cmake_link_script CMakeFiles/cmTC_4dadb.dir/link.txt --verbose=1
/usr/local/Cellar/gcc@4.9/4.9.4_1/bin/g++-4.9    -Wl,-search_paths_first -Wl,-headerpad_max_install_names   CMakeFiles/cmTC_4dadb.dir/feature_tests.cxx.o  -o cmTC_4dadb 


    Feature record: CXX_FEATURE:0cxx_aggregate_default_initializers
    Feature record: CXX_FEATURE:0cxx_alias_templates
    Feature record: CXX_FEATURE:0cxx_alignas
    Feature record: CXX_FEATURE:0cxx_alignof
    Feature record: CXX_FEATURE:0cxx_attributes
    Feature record: CXX_FEATURE:0cxx_attribute_deprecated
    Feature record: CXX_FEATURE:0cxx_auto_type
    Feature record: CXX_FEATURE:0cxx_binary_literals
    Feature record: CXX_FEATURE:0cxx_constexpr
    Feature record: CXX_FEATURE:0cxx_contextual_conversions
    Feature record: CXX_FEATURE:0cxx_decltype
    Feature record: CXX_FEATURE:0cxx_decltype_auto
    Feature record: CXX_FEATURE:0cxx_decltype_incomplete_return_types
    Feature record: CXX_FEATURE:0cxx_default_function_template_args
    Feature record: CXX_FEATURE:0cxx_defaulted_functions
    Feature record: CXX_FEATURE:0cxx_defaulted_move_initializers
    Feature record: CXX_FEATURE:0cxx_delegating_constructors
    Feature record: CXX_FEATURE:0cxx_deleted_functions
    Feature record: CXX_FEATURE:0cxx_digit_separators
    Feature record: CXX_FEATURE:0cxx_enum_forward_declarations
    Feature record: CXX_FEATURE:0cxx_explicit_conversions
    Feature record: CXX_FEATURE:0cxx_extended_friend_declarations
    Feature record: CXX_FEATURE:0cxx_extern_templates
    Feature record: CXX_FEATURE:0cxx_final
    Feature record: CXX_FEATURE:0cxx_func_identifier
    Feature record: CXX_FEATURE:0cxx_generalized_initializers
    Feature record: CXX_FEATURE:0cxx_generic_lambdas
    Feature record: CXX_FEATURE:0cxx_inheriting_constructors
    Feature record: CXX_FEATURE:0cxx_inline_namespaces
    Feature record: CXX_FEATURE:0cxx_lambdas
    Feature record: CXX_FEATURE:0cxx_lambda_init_captures
    Feature record: CXX_FEATURE:0cxx_local_type_template_args
    Feature record: CXX_FEATURE:0cxx_long_long_type
    Feature record: CXX_FEATURE:0cxx_noexcept
    Feature record: CXX_FEATURE:0cxx_nonstatic_member_init
    Feature record: CXX_FEATURE:0cxx_nullptr
    Feature record: CXX_FEATURE:0cxx_override
    Feature record: CXX_FEATURE:0cxx_range_for
    Feature record: CXX_FEATURE:0cxx_raw_string_literals
    Feature record: CXX_FEATURE:0cxx_reference_qualified_functions
    Feature record: CXX_FEATURE:0cxx_relaxed_constexpr
    Feature record: CXX_FEATURE:0cxx_return_type_deduction
    Feature record: CXX_FEATURE:0cxx_right_angle_brackets
    Feature record: CXX_FEATURE:0cxx_rvalue_references
    Feature record: CXX_FEATURE:0cxx_sizeof_member
    Feature record: CXX_FEATURE:0cxx_static_assert
    Feature record: CXX_FEATURE:0cxx_strong_enums
    Feature record: CXX_FEATURE:1cxx_template_template_parameters
    Feature record: CXX_FEATURE:0cxx_thread_local
    Feature record: CXX_FEATURE:0cxx_trailing_return_types
    Feature record: CXX_FEATURE:0cxx_unicode_literals
    Feature record: CXX_FEATURE:0cxx_uniform_initialization
    Feature record: CXX_FEATURE:0cxx_unrestricted_unions
    Feature record: CXX_FEATURE:0cxx_user_literals
    Feature record: CXX_FEATURE:0cxx_variable_templates
    Feature record: CXX_FEATURE:0cxx_variadic_macros
    Feature record: CXX_FEATURE:0cxx_variadic_templates
